# JRE version: OpenJDK Runtime Environment (15.0.2+7) (build 15.0.2+7-27)
# Java VM: OpenJDK 64-Bit Server VM (15.0.2+7-27, mixed mode, tiered, compressed oops, g1 gc, windows-amd64)
GC Precious Log:
 CPUs: 4 total, 4 available
 Memory: 8074M
 Large Page Support: Disabled
 NUMA Support: Disabled
 Compressed Oops: Enabled (32-bit)
 Heap Region Size: 1M
 Heap Min Capacity: 8M
 Heap Initial Capacity: 128M
 Heap Max Capacity: 2020M
 Pre-touch: Disabled
 Parallel Workers: 4
 Concurrent Workers: 1
 Concurrent Refinement Workers: 4
 Periodic GC: Disabled
Heap:
 garbage-first heap   total 37888K, used 13097K [0x0000000081c00000, 0x0000000100000000)
  region size 1024K, 5 young (5120K), 2 survivors (2048K)
 Metaspace       used 28078K, capacity 28392K, committed 28544K, reserved 1075200K
  class space    used 3376K, capacity 3453K, committed 3456K, reserved 1048576K
GC Heap History (16 events):
Event: 1.090 GC heap before
{Heap before GC invocations=0 (full 0):
 garbage-first heap   total 131072K, used 13312K [0x0000000081c00000, 0x0000000100000000)
  region size 1024K, 13 young (13312K), 0 survivors (0K)
 Metaspace       used 10326K, capacity 10404K, committed 10496K, reserved 1058816K
  class space    used 895K, capacity 951K, committed 1024K, reserved 1048576K
}
Event: 1.097 GC heap after
{Heap after GC invocations=1 (full 0):
 garbage-first heap   total 131072K, used 7036K [0x0000000081c00000, 0x0000000100000000)
  region size 1024K, 2 young (2048K), 2 survivors (2048K)
 Metaspace       used 10326K, capacity 10404K, committed 10496K, reserved 1058816K
  class space    used 895K, capacity 951K, committed 1024K, reserved 1048576K
}
Event: 1.374 GC heap before
{Heap before GC invocations=1 (full 0):
 garbage-first heap   total 131072K, used 16252K [0x0000000081c00000, 0x0000000100000000)
  region size 1024K, 12 young (12288K), 2 survivors (2048K)
 Metaspace       used 12805K, capacity 12914K, committed 13056K, reserved 1060864K
  class space    used 1167K, capacity 1189K, committed 1280K, reserved 1048576K
}
Event: 1.378 GC heap after
{Heap after GC invocations=2 (full 0):
 garbage-first heap   total 131072K, used 7476K [0x0000000081c00000, 0x0000000100000000)
  region size 1024K, 1 young (1024K), 1 survivors (1024K)
 Metaspace       used 12805K, capacity 12914K, committed 13056K, reserved 1060864K
  class space    used 1167K, capacity 1189K, committed 1280K, reserved 1048576K
}
Event: 1.899 GC heap before
{Heap before GC invocations=2 (full 0):
 garbage-first heap   total 131072K, used 31028K [0x0000000081c00000, 0x0000000100000000)
  region size 1024K, 25 young (25600K), 1 survivors (1024K)
 Metaspace       used 16566K, capacity 16731K, committed 16896K, reserved 1064960K
  class space    used 1628K, capacity 1689K, committed 1792K, reserved 1048576K
}
Event: 1.904 GC heap after
{Heap after GC invocations=3 (full 0):
 garbage-first heap   total 131072K, used 8736K [0x0000000081c00000, 0x0000000100000000)
  region size 1024K, 2 young (2048K), 2 survivors (2048K)
 Metaspace       used 16566K, capacity 16731K, committed 16896K, reserved 1064960K
  class space    used 1628K, capacity 1689K, committed 1792K, reserved 1048576K
}
Event: 2.735 GC heap before
{Heap before GC invocations=3 (full 0):
 garbage-first heap   total 131072K, used 52768K [0x0000000081c00000, 0x0000000100000000)
  region size 1024K, 46 young (47104K), 2 survivors (2048K)
 Metaspace       used 21008K, capacity 21146K, committed 21248K, reserved 1069056K
  class space    used 2178K, capacity 2243K, committed 2304K, reserved 1048576K
}
Event: 2.741 GC heap after
{Heap after GC invocations=4 (full 0):
 garbage-first heap   total 131072K, used 9686K [0x0000000081c00000, 0x0000000100000000)
  region size 1024K, 3 young (3072K), 3 survivors (3072K)
 Metaspace       used 21008K, capacity 21146K, committed 21248K, reserved 1069056K
  class space    used 2178K, capacity 2243K, committed 2304K, reserved 1048576K
}
Event: 3.076 GC heap before
{Heap before GC invocations=5 (full 0):
 garbage-first heap   total 37888K, used 29142K [0x0000000081c00000, 0x0000000100000000)
  region size 1024K, 22 young (22528K), 3 survivors (3072K)
 Metaspace       used 23044K, capacity 23285K, committed 23424K, reserved 1071104K
  class space    used 2560K, capacity 2633K, committed 2688K, reserved 1048576K
}
Event: 3.081 GC heap after
{Heap after GC invocations=6 (full 0):
 garbage-first heap   total 37888K, used 10092K [0x0000000081c00000, 0x0000000100000000)
  region size 1024K, 2 young (2048K), 2 survivors (2048K)
 Metaspace       used 23044K, capacity 23285K, committed 23424K, reserved 1071104K
  class space    used 2560K, capacity 2633K, committed 2688K, reserved 1048576K
}
Event: 3.354 GC heap before
{Heap before GC invocations=6 (full 0):
 garbage-first heap   total 37888K, used 26476K [0x0000000081c00000, 0x0000000100000000)
  region size 1024K, 18 young (18432K), 2 survivors (2048K)
 Metaspace       used 24556K, capacity 24851K, committed 24960K, reserved 1071104K
  class space    used 2810K, capacity 2895K, committed 2944K, reserved 1048576K
}
Event: 3.357 GC heap after
{Heap after GC invocations=7 (full 0):
 garbage-first heap   total 37888K, used 10352K [0x0000000081c00000, 0x0000000100000000)
  region size 1024K, 2 young (2048K), 2 survivors (2048K)
 Metaspace       used 24556K, capacity 24851K, committed 24960K, reserved 1071104K
  class space    used 2810K, capacity 2895K, committed 2944K, reserved 1048576K
}
Event: 3.697 GC heap before
{Heap before GC invocations=7 (full 0):
 garbage-first heap   total 37888K, used 27760K [0x0000000081c00000, 0x0000000100000000)
  region size 1024K, 19 young (19456K), 2 survivors (2048K)
 Metaspace       used 25956K, capacity 26195K, committed 26496K, reserved 1073152K
  class space    used 3066K, capacity 3151K, committed 3200K, reserved 1048576K
}
Event: 3.701 GC heap after
{Heap after GC invocations=8 (full 0):
 garbage-first heap   total 37888K, used 10665K [0x0000000081c00000, 0x0000000100000000)
  region size 1024K, 2 young (2048K), 2 survivors (2048K)
 Metaspace       used 25956K, capacity 26195K, committed 26496K, reserved 1073152K
  class space    used 3066K, capacity 3151K, committed 3200K, reserved 1048576K
}
Event: 4.148 GC heap before
{Heap before GC invocations=8 (full 0):
 garbage-first heap   total 37888K, used 28073K [0x0000000081c00000, 0x0000000100000000)
  region size 1024K, 19 young (19456K), 2 survivors (2048K)
 Metaspace       used 27801K, capacity 28100K, committed 28288K, reserved 1075200K
  class space    used 3347K, capacity 3421K, committed 3456K, reserved 1048576K
}
Event: 4.152 GC heap after
{Heap after GC invocations=9 (full 0):
 garbage-first heap   total 37888K, used 11049K [0x0000000081c00000, 0x0000000100000000)
  region size 1024K, 2 young (2048K), 2 survivors (2048K)
 Metaspace       used 27801K, capacity 28100K, committed 28288K, reserved 1075200K
  class space    used 3347K, capacity 3421K, committed 3456K, reserved 1048576K
}

